<?xml version="1.0" encoding="UTF-8"?>
<!-- Generated by org.testng.reporters.JUnitXMLReporter -->
<testsuite hostname="bittechs-imac-3.lan" ignored="2" name="jaichatai" tests="2" failures="0" timestamp="05 May 2019 17:53:25 GMT" time="0.058" errors="0">
  <testcase name="f1" time="0.015" classname="com.bit.test.RegressionTest"/>
  <testcase name="f2" time="0.0" classname="com.bit.test.RegressionTest"/>
  <testcase name="f" time="0.0" classname="com.bit.test.SomeTest">
    <ignored/>
  </testcase> <!-- f -->
  <testcase name="f3" time="0.0" classname="com.bit.test.SomeTest">
    <ignored/>
  </testcase> <!-- f3 -->
</testsuite> <!-- jaichatai -->
