<?xml version="1.0" encoding="UTF-8"?>
<!-- Generated by org.testng.reporters.JUnitXMLReporter -->
<testsuite hostname="bittechs-imac-3.lan" ignored="0" name="Default test" tests="3" failures="0" timestamp="08 Jun 2019 17:52:17 GMT" time="14.914" errors="0">
  <testcase name="test1" time="1.667" classname="com.bit.test.GridPractice"/>
  <testcase name="test2" time="2.799" classname="com.bit.test.GridPractice"/>
  <testcase name="test3" time="7.581" classname="com.bit.test.GridPractice"/>
</testsuite> <!-- Default test -->
