<?xml version="1.0" encoding="UTF-8"?>
<testng-results skipped="0" failed="0" ignored="0" total="1" passed="1">
  <reporter-output>
  </reporter-output>
  <suite name="Default suite" duration-ms="94" started-at="2019-05-22T20:55:06Z" finished-at="2019-05-22T20:55:06Z">
    <groups>
    </groups>
    <test name="Default test" duration-ms="94" started-at="2019-05-22T20:55:06Z" finished-at="2019-05-22T20:55:06Z">
      <class name="com.bit.test.LogTest">
        <test-method status="PASS" signature="test1()[pri:0, instance:com.bit.test.LogTest@59fa1d9b]" name="test1" duration-ms="75" started-at="2019-05-22T20:55:06Z" finished-at="2019-05-22T20:55:06Z">
          <reporter-output>
          </reporter-output>
        </test-method> <!-- test1 -->
      </class> <!-- com.bit.test.LogTest -->
    </test> <!-- Default test -->
  </suite> <!-- Default suite -->
</testng-results>
